<?xml version="1.0" encoding="UTF-8"?>
<testng-results skipped="0" failed="0" ignored="0" total="3" passed="3">
  <reporter-output>
  </reporter-output>
  <suite name=" TestSuite1 " duration-ms="29897" started-at="2018-09-09T18:11:31Z" finished-at="2018-09-09T18:12:01Z">
    <groups>
    </groups>
    <test name="FlightBooking test" duration-ms="16178" started-at="2018-09-09T18:11:31Z" finished-at="2018-09-09T18:11:47Z">
      <class name="unitTests.FlightBookingTest">
        <test-method status="PASS" signature="setUp()[pri:0, instance:unitTests.FlightBookingTest@3c0ecd4b]" name="setUp" is-config="true" duration-ms="4153" started-at="2018-09-09T18:11:31Z" finished-at="2018-09-09T18:11:35Z">
          <reporter-output>
          </reporter-output>
        </test-method> <!-- setUp -->
        <test-method status="PASS" signature="successReturnFlightTicketBooking()[pri:0, instance:unitTests.FlightBookingTest@3c0ecd4b]" name="successReturnFlightTicketBooking" duration-ms="11220" started-at="2018-09-09T18:11:35Z" finished-at="2018-09-09T18:11:47Z">
          <reporter-output>
          </reporter-output>
        </test-method> <!-- successReturnFlightTicketBooking -->
        <test-method status="PASS" signature="tearDown()[pri:0, instance:unitTests.FlightBookingTest@3c0ecd4b]" name="tearDown" is-config="true" duration-ms="773" started-at="2018-09-09T18:11:47Z" finished-at="2018-09-09T18:11:47Z">
          <reporter-output>
          </reporter-output>
        </test-method> <!-- tearDown -->
      </class> <!-- unitTests.FlightBookingTest -->
    </test> <!-- FlightBooking test -->
    <test name="ValidateCredentials test" duration-ms="13699" started-at="2018-09-09T18:11:47Z" finished-at="2018-09-09T18:12:01Z">
      <class name="unitTests.ValidateCredentialsTest">
        <test-method status="PASS" signature="setUp()[pri:0, instance:unitTests.ValidateCredentialsTest@3159c4b8]" name="setUp" is-config="true" duration-ms="3261" started-at="2018-09-09T18:11:47Z" finished-at="2018-09-09T18:11:51Z">
          <reporter-output>
          </reporter-output>
        </test-method> <!-- setUp -->
        <test-method status="PASS" signature="validateCorrectCrendentials()[pri:0, instance:unitTests.ValidateCredentialsTest@3159c4b8]" name="validateCorrectCrendentials" duration-ms="7127" started-at="2018-09-09T18:11:51Z" finished-at="2018-09-09T18:11:58Z">
          <reporter-output>
          </reporter-output>
        </test-method> <!-- validateCorrectCrendentials -->
        <test-method status="PASS" signature="validateInvalidCrendentials()[pri:0, instance:unitTests.ValidateCredentialsTest@3159c4b8]" name="validateInvalidCrendentials" duration-ms="2552" started-at="2018-09-09T18:11:58Z" finished-at="2018-09-09T18:12:00Z">
          <reporter-output>
          </reporter-output>
        </test-method> <!-- validateInvalidCrendentials -->
        <test-method status="PASS" signature="tearDown()[pri:0, instance:unitTests.ValidateCredentialsTest@3159c4b8]" name="tearDown" is-config="true" duration-ms="753" started-at="2018-09-09T18:12:00Z" finished-at="2018-09-09T18:12:01Z">
          <reporter-output>
          </reporter-output>
        </test-method> <!-- tearDown -->
      </class> <!-- unitTests.ValidateCredentialsTest -->
    </test> <!-- ValidateCredentials test -->
  </suite> <!--  TestSuite1  -->
</testng-results>
